2025-11-12 12:25:01+0700: sUsingService=false
2025-11-12 12:25:01+0700: sUpdateSilently=false
2025-11-12 12:25:01+0700: isElevated=false
2025-11-12 12:25:01+0700: gInvocation=UpdaterInvocation::First
2025-11-12 12:25:01+0700: Writing status to file: applying
2025-11-12 12:25:01+0700: PATCH DIRECTORY /home/localhost/tor-browser-linux-amd64/Browser/TorBrowser/UpdateInfo/updates/0
2025-11-12 12:25:01+0700: INSTALLATION DIRECTORY /home/localhost/tor-browser-linux-amd64/Browser
2025-11-12 12:25:01+0700: WORKING DIRECTORY /home/localhost/tor-browser-linux-amd64/Browser
2025-11-12 12:25:01+0700: UPDATE TYPE complete
2025-11-12 12:25:01+0700: PREPARE REMOVEFILE vaapitest
2025-11-12 12:25:01+0700: PREPARE REMOVEFILE updater.ini
2025-11-12 12:25:01+0700: PREPARE REMOVEFILE updater
2025-11-12 12:25:01+0700: PREPARE REMOVEFILE tbb_version.json
2025-11-12 12:25:01+0700: PREPARE REMOVEFILE start-tor-browser.desktop
2025-11-12 12:25:01+0700: PREPARE REMOVEFILE start-tor-browser
2025-11-12 12:25:01+0700: PREPARE REMOVEFILE removed-files
2025-11-12 12:25:01+0700: PREPARE REMOVEFILE precomplete
2025-11-12 12:25:01+0700: PREPARE REMOVEFILE platform.ini
2025-11-12 12:25:01+0700: PREPARE REMOVEFILE omni.ja
2025-11-12 12:25:01+0700: PREPARE REMOVEFILE libxul.so
2025-11-12 12:25:01+0700: PREPARE REMOVEFILE libssl3.so
2025-11-12 12:25:01+0700: PREPARE REMOVEFILE libsoftokn3.so
2025-11-12 12:25:01+0700: PREPARE REMOVEFILE libsmime3.so
2025-11-12 12:25:01+0700: PREPARE REMOVEFILE libplds4.so
2025-11-12 12:25:01+0700: PREPARE REMOVEFILE libplc4.so
2025-11-12 12:25:01+0700: PREPARE REMOVEFILE libnssutil3.so
2025-11-12 12:25:01+0700: PREPARE REMOVEFILE libnssckbi.so
2025-11-12 12:25:01+0700: PREPARE REMOVEFILE libnss3.so
2025-11-12 12:25:01+0700: PREPARE REMOVEFILE libnspr4.so
2025-11-12 12:25:01+0700: PREPARE REMOVEFILE libmozwayland.so
2025-11-12 12:25:01+0700: PREPARE REMOVEFILE libmozsqlite3.so
2025-11-12 12:25:01+0700: PREPARE REMOVEFILE libmozsandbox.so
2025-11-12 12:25:01+0700: PREPARE REMOVEFILE libmozgtk.so
2025-11-12 12:25:01+0700: PREPARE REMOVEFILE libmozavutil.so
2025-11-12 12:25:01+0700: PREPARE REMOVEFILE libmozavcodec.so
2025-11-12 12:25:01+0700: PREPARE REMOVEFILE liblgpllibs.so
2025-11-12 12:25:01+0700: PREPARE REMOVEFILE libipcclientcerts.so
2025-11-12 12:25:01+0700: PREPARE REMOVEFILE libgkcodecs.so
2025-11-12 12:25:01+0700: PREPARE REMOVEFILE libfreeblpriv3.so
2025-11-12 12:25:01+0700: PREPARE REMOVEFILE icons/updater.png
2025-11-12 12:25:01+0700: PREPARE REMOVEFILE glxtest
2025-11-12 12:25:01+0700: PREPARE REMOVEFILE firefox.real
2025-11-12 12:25:01+0700: PREPARE REMOVEFILE firefox
2025-11-12 12:25:01+0700: PREPARE REMOVEFILE execdesktop
2025-11-12 12:25:01+0700: PREPARE REMOVEFILE dependentlibs.list
2025-11-12 12:25:01+0700: PREPARE REMOVEFILE browser/omni.ja
2025-11-12 12:25:01+0700: PREPARE REMOVEFILE browser/chrome/icons/default/default64.png
2025-11-12 12:25:01+0700: PREPARE REMOVEFILE browser/chrome/icons/default/default48.png
2025-11-12 12:25:01+0700: PREPARE REMOVEFILE browser/chrome/icons/default/default32.png
2025-11-12 12:25:01+0700: PREPARE REMOVEFILE browser/chrome/icons/default/default16.png
2025-11-12 12:25:01+0700: PREPARE REMOVEFILE browser/chrome/icons/default/default128.png
2025-11-12 12:25:01+0700: PREPARE REMOVEFILE browser/chrome/icons/default/about-logo.svg
2025-11-12 12:25:01+0700: PREPARE REMOVEFILE application.ini
2025-11-12 12:25:01+0700: PREPARE REMOVEFILE abicheck
2025-11-12 12:25:01+0700: PREPARE REMOVEFILE TorBrowser/Tor/tor
2025-11-12 12:25:01+0700: PREPARE REMOVEFILE TorBrowser/Tor/libstdc++/libstdc++.so.6
2025-11-12 12:25:01+0700: PREPARE REMOVEFILE TorBrowser/Tor/libssl.so.3
2025-11-12 12:25:01+0700: PREPARE REMOVEFILE TorBrowser/Tor/libevent-2.1.so.7
2025-11-12 12:25:01+0700: PREPARE REMOVEFILE TorBrowser/Tor/libcrypto.so.3
2025-11-12 12:25:01+0700: PREPARE REMOVEFILE TorBrowser/Tor/PluggableTransports/lyrebird
2025-11-12 12:25:01+0700: PREPARE REMOVEFILE TorBrowser/Tor/PluggableTransports/conjure-client
2025-11-12 12:25:01+0700: PREPARE REMOVEFILE TorBrowser/Docs/conjure/README.md
2025-11-12 12:25:01+0700: PREPARE REMOVEFILE TorBrowser/Docs/Licenses/tor.txt
2025-11-12 12:25:01+0700: PREPARE REMOVEFILE TorBrowser/Docs/Licenses/openssl.txt
2025-11-12 12:25:01+0700: PREPARE REMOVEFILE TorBrowser/Docs/Licenses/lyrebird.txt
2025-11-12 12:25:01+0700: PREPARE REMOVEFILE TorBrowser/Docs/Licenses/libevent.txt
2025-11-12 12:25:01+0700: PREPARE REMOVEFILE TorBrowser/Docs/Licenses/conjure.txt
2025-11-12 12:25:01+0700: PREPARE REMOVEFILE TorBrowser/Docs/Licenses/Torbutton.txt
2025-11-12 12:25:01+0700: PREPARE REMOVEFILE TorBrowser/Docs/Licenses/Tor-Launcher.txt
2025-11-12 12:25:01+0700: PREPARE REMOVEFILE TorBrowser/Docs/Licenses/Noto-Fonts.txt
2025-11-12 12:25:01+0700: PREPARE REMOVEFILE TorBrowser/Docs/Licenses/Noto-CJK-Font.txt
2025-11-12 12:25:01+0700: PREPARE REMOVEFILE TorBrowser/Docs/Licenses/NoScript.txt
2025-11-12 12:25:01+0700: PREPARE REMOVEFILE TorBrowser/Docs/Licenses/Firefox.txt
2025-11-12 12:25:01+0700: PREPARE REMOVEFILE TorBrowser/Docs/ChangeLog.txt
2025-11-12 12:25:01+0700: PREPARE REMOVEFILE TorBrowser/Data/Tor/torrc-defaults
2025-11-12 12:25:01+0700: PREPARE REMOVEFILE TorBrowser/Data/Tor/geoip6
2025-11-12 12:25:01+0700: PREPARE REMOVEFILE TorBrowser/Data/Tor/geoip
2025-11-12 12:25:01+0700: PREPARE REMOVEFILE TorBrowser/Data/Browser/profile.default/extensions/{73a6fe31-595d-460b-a920-fcc0f8843232}.xpi
2025-11-12 12:25:01+0700: PREPARE REMOVEFILE .config/gtk-3.0/settings.ini
2025-11-12 12:25:01+0700: PREPARE REMOVEDIR icons/
2025-11-12 12:25:01+0700: PREPARE REMOVEDIR fonts/
2025-11-12 12:25:01+0700: PREPARE REMOVEDIR defaults/pref/
2025-11-12 12:25:01+0700: PREPARE REMOVEDIR defaults/
2025-11-12 12:25:01+0700: PREPARE REMOVEDIR browser/chrome/icons/default/
2025-11-12 12:25:01+0700: PREPARE REMOVEDIR browser/chrome/icons/
2025-11-12 12:25:01+0700: PREPARE REMOVEDIR browser/chrome/
2025-11-12 12:25:01+0700: PREPARE REMOVEDIR browser/
2025-11-12 12:25:01+0700: PREPARE REMOVEDIR TorBrowser/Tor/libstdc++/
2025-11-12 12:25:01+0700: PREPARE REMOVEDIR TorBrowser/Tor/PluggableTransports/
2025-11-12 12:25:01+0700: PREPARE REMOVEDIR TorBrowser/Tor/
2025-11-12 12:25:01+0700: PREPARE REMOVEDIR TorBrowser/Docs/conjure/
2025-11-12 12:25:01+0700: PREPARE REMOVEDIR TorBrowser/Docs/Licenses/
2025-11-12 12:25:01+0700: PREPARE REMOVEDIR TorBrowser/Docs/
2025-11-12 12:25:01+0700: PREPARE REMOVEDIR TorBrowser/Data/Tor/
2025-11-12 12:25:01+0700: PREPARE REMOVEDIR TorBrowser/Data/Browser/profile.default/extensions/
2025-11-12 12:25:01+0700: PREPARE REMOVEDIR TorBrowser/Data/Browser/profile.default/
2025-11-12 12:25:01+0700: PREPARE REMOVEDIR TorBrowser/Data/Browser/Caches/
2025-11-12 12:25:01+0700: PREPARE REMOVEDIR TorBrowser/Data/Browser/
2025-11-12 12:25:01+0700: PREPARE REMOVEDIR TorBrowser/Data/
2025-11-12 12:25:01+0700: PREPARE REMOVEDIR TorBrowser/
2025-11-12 12:25:01+0700: PREPARE REMOVEDIR .config/gtk-3.0/
2025-11-12 12:25:01+0700: PREPARE REMOVEDIR .config/
2025-11-12 12:25:01+0700: PREPARE ADD vaapitest
2025-11-12 12:25:01+0700: PREPARE ADD updater.ini
2025-11-12 12:25:01+0700: PREPARE ADD updater
2025-11-12 12:25:01+0700: PREPARE ADD tbb_version.json
2025-11-12 12:25:01+0700: PREPARE ADD start-tor-browser.desktop
2025-11-12 12:25:01+0700: PREPARE ADD start-tor-browser
2025-11-12 12:25:01+0700: PREPARE ADD removed-files
2025-11-12 12:25:01+0700: PREPARE ADD precomplete
2025-11-12 12:25:01+0700: PREPARE ADD platform.ini
2025-11-12 12:25:01+0700: PREPARE ADD omni.ja
2025-11-12 12:25:01+0700: PREPARE ADD libxul.so
2025-11-12 12:25:01+0700: PREPARE ADD libssl3.so
2025-11-12 12:25:01+0700: PREPARE ADD libsoftokn3.so
2025-11-12 12:25:01+0700: PREPARE ADD libsmime3.so
2025-11-12 12:25:01+0700: PREPARE ADD libplds4.so
2025-11-12 12:25:01+0700: PREPARE ADD libplc4.so
2025-11-12 12:25:01+0700: PREPARE ADD libnssutil3.so
2025-11-12 12:25:01+0700: PREPARE ADD libnss3.so
2025-11-12 12:25:01+0700: PREPARE ADD libnspr4.so
2025-11-12 12:25:01+0700: PREPARE ADD libmozwayland.so
2025-11-12 12:25:01+0700: PREPARE ADD libmozsqlite3.so
2025-11-12 12:25:01+0700: PREPARE ADD libmozsandbox.so
2025-11-12 12:25:01+0700: PREPARE ADD libmozgtk.so
2025-11-12 12:25:01+0700: PREPARE ADD libmozavutil.so
2025-11-12 12:25:01+0700: PREPARE ADD libmozavcodec.so
2025-11-12 12:25:01+0700: PREPARE ADD liblgpllibs.so
2025-11-12 12:25:01+0700: PREPARE ADD libgkcodecs.so
2025-11-12 12:25:01+0700: PREPARE ADD libfreeblpriv3.so
2025-11-12 12:25:01+0700: PREPARE ADD icons/updater.png
2025-11-12 12:25:01+0700: PREPARE ADD glxtest
2025-11-12 12:25:01+0700: PREPARE ADD fonts/fonts.conf
2025-11-12 12:25:01+0700: PREPARE ADD fonts/TwemojiMozilla.ttf
2025-11-12 12:25:01+0700: PREPARE ADD fonts/Tinos-Regular.ttf
2025-11-12 12:25:01+0700: PREPARE ADD fonts/Tinos-Italic.ttf
2025-11-12 12:25:01+0700: PREPARE ADD fonts/Tinos-BoldItalic.ttf
2025-11-12 12:25:01+0700: PREPARE ADD fonts/Tinos-Bold.ttf
2025-11-12 12:25:01+0700: PREPARE ADD fonts/STIXTwoMath-Regular.otf
2025-11-12 12:25:01+0700: PREPARE ADD fonts/Pyidaungsu-2.5.3_Regular.ttf
2025-11-12 12:25:01+0700: PREPARE ADD fonts/NotoSerifYezidi-Regular.ttf
2025-11-12 12:25:01+0700: PREPARE ADD fonts/NotoSerifTibetan-Regular.ttf
2025-11-12 12:25:01+0700: PREPARE ADD fonts/NotoSerifThai-Regular.ttf
2025-11-12 12:25:01+0700: PREPARE ADD fonts/NotoSerifTelugu-Regular.ttf
2025-11-12 12:25:01+0700: PREPARE ADD fonts/NotoSerifTamil-Regular.ttf
2025-11-12 12:25:01+0700: PREPARE ADD fonts/NotoSerifSinhala-Regular.ttf
2025-11-12 12:25:01+0700: PREPARE ADD fonts/NotoSerifNPHmong-Regular.ttf
2025-11-12 12:25:01+0700: PREPARE ADD fonts/NotoSerifMyanmar-Regular.ttf
2025-11-12 12:25:01+0700: PREPARE ADD fonts/NotoSerifMalayalam-Regular.ttf
2025-11-12 12:25:01+0700: PREPARE ADD fonts/NotoSerifLao-Regular.ttf
2025-11-12 12:25:01+0700: PREPARE ADD fonts/NotoSerifKhojki-Regular.ttf
2025-11-12 12:25:01+0700: PREPARE ADD fonts/NotoSerifKhmer-Regular.ttf
2025-11-12 12:25:01+0700: PREPARE ADD fonts/NotoSerifKannada-Regular.ttf
2025-11-12 12:25:01+0700: PREPARE ADD fonts/NotoSerifHebrew-Regular.ttf
2025-11-12 12:25:01+0700: PREPARE ADD fonts/NotoSerifGurmukhi-Regular.ttf
2025-11-12 12:25:01+0700: PREPARE ADD fonts/NotoSerifGujarati-Regular.ttf
2025-11-12 12:25:01+0700: PREPARE ADD fonts/NotoSerifGrantha-Regular.ttf
2025-11-12 12:25:01+0700: PREPARE ADD fonts/NotoSerifGeorgian-Regular.ttf
2025-11-12 12:25:01+0700: PREPARE ADD fonts/NotoSerifEthiopic-Regular.ttf
2025-11-12 12:25:01+0700: PREPARE ADD fonts/NotoSerifDogra-Regular.ttf
2025-11-12 12:25:01+0700: PREPARE ADD fonts/NotoSerifDevanagari-Regular.ttf
2025-11-12 12:25:01+0700: PREPARE ADD fonts/NotoSerifBengali-Regular.ttf
2025-11-12 12:25:01+0700: PREPARE ADD fonts/NotoSerifBalinese-Regular.ttf
2025-11-12 12:25:01+0700: PREPARE ADD fonts/NotoSerifArmenian-Regular.ttf
2025-11-12 12:25:01+0700: PREPARE ADD fonts/NotoSansZanabazarSquare-Regular.ttf
2025-11-12 12:25:01+0700: PREPARE ADD fonts/NotoSansYi-Regular.ttf
2025-11-12 12:25:01+0700: PREPARE ADD fonts/NotoSansWarangCiti-Regular.ttf
2025-11-12 12:25:01+0700: PREPARE ADD fonts/NotoSansWancho-Regular.ttf
2025-11-12 12:25:01+0700: PREPARE ADD fonts/NotoSansVai-Regular.ttf
2025-11-12 12:25:01+0700: PREPARE ADD fonts/NotoSansTirhuta-Regular.ttf
2025-11-12 12:25:01+0700: PREPARE ADD fonts/NotoSansTifinaghTawellemmet-Regular.ttf
2025-11-12 12:25:01+0700: PREPARE ADD fonts/NotoSansTifinaghSIL-Regular.ttf
2025-11-12 12:25:01+0700: PREPARE ADD fonts/NotoSansTifinaghRhissaIxa-Regular.ttf
2025-11-12 12:25:01+0700: PREPARE ADD fonts/NotoSansTifinaghHawad-Regular.ttf
2025-11-12 12:25:01+0700: PREPARE ADD fonts/NotoSansTifinaghGhat-Regular.ttf
2025-11-12 12:25:01+0700: PREPARE ADD fonts/NotoSansTifinaghAzawagh-Regular.ttf
2025-11-12 12:25:01+0700: PREPARE ADD fonts/NotoSansTifinaghAir-Regular.ttf
2025-11-12 12:25:01+0700: PREPARE ADD fonts/NotoSansTifinaghAhaggar-Regular.ttf
2025-11-12 12:25:01+0700: PREPARE ADD fonts/NotoSansTifinaghAgrawImazighen-Regular.ttf
2025-11-12 12:25:01+0700: PREPARE ADD fonts/NotoSansTifinaghAdrar-Regular.ttf
2025-11-12 12:25:01+0700: PREPARE ADD fonts/NotoSansTifinaghAPT-Regular.ttf
2025-11-12 12:25:01+0700: PREPARE ADD fonts/NotoSansTifinagh-Regular.ttf
2025-11-12 12:25:01+0700: PREPARE ADD fonts/NotoSansThai-Regular.ttf
2025-11-12 12:25:01+0700: PREPARE ADD fonts/NotoSansThaana-Regular.ttf
2025-11-12 12:25:01+0700: PREPARE ADD fonts/NotoSansTelugu-Regular.ttf
2025-11-12 12:25:01+0700: PREPARE ADD fonts/NotoSansTamil-Regular.ttf
2025-11-12 12:25:01+0700: PREPARE ADD fonts/NotoSansTakri-Regular.ttf
2025-11-12 12:25:01+0700: PREPARE ADD fonts/NotoSansTaiViet-Regular.ttf
2025-11-12 12:25:01+0700: PREPARE ADD fonts/NotoSansTaiTham-Regular.ttf
2025-11-12 12:25:01+0700: PREPARE ADD fonts/NotoSansTaiLe-Regular.ttf
2025-11-12 12:25:01+0700: PREPARE ADD fonts/NotoSansTagbanwa-Regular.ttf
2025-11-12 12:25:01+0700: PREPARE ADD fonts/NotoSansTagalog-Regular.ttf
2025-11-12 12:25:01+0700: PREPARE ADD fonts/NotoSansTC-Regular.otf
2025-11-12 12:25:01+0700: PREPARE ADD fonts/NotoSansSyriac-Regular.ttf
2025-11-12 12:25:01+0700: PREPARE ADD fonts/NotoSansSymbols2-Regular.ttf
2025-11-12 12:25:01+0700: PREPARE ADD fonts/NotoSansSymbols-Regular.ttf
2025-11-12 12:25:01+0700: PREPARE ADD fonts/NotoSansSylotiNagri-Regular.ttf
2025-11-12 12:25:01+0700: PREPARE ADD fonts/NotoSansSundanese-Regular.ttf
2025-11-12 12:25:01+0700: PREPARE ADD fonts/NotoSansSoyombo-Regular.ttf
2025-11-12 12:25:01+0700: PREPARE ADD fonts/NotoSansSoraSompeng-Regular.ttf
2025-11-12 12:25:01+0700: PREPARE ADD fonts/NotoSansSinhala-Regular.ttf
2025-11-12 12:25:01+0700: PREPARE ADD fonts/NotoSansShavian-Regular.ttf
2025-11-12 12:25:01+0700: PREPARE ADD fonts/NotoSansSharada-Regular.ttf
2025-11-12 12:25:01+0700: PREPARE ADD fonts/NotoSansSaurashtra-Regular.ttf
2025-11-12 12:25:01+0700: PREPARE ADD fonts/NotoSansSamaritan-Regular.ttf
2025-11-12 12:25:01+0700: PREPARE ADD fonts/NotoSansSC-Regular.otf
2025-11-12 12:25:01+0700: PREPARE ADD fonts/NotoSansRunic-Regular.ttf
2025-11-12 12:25:01+0700: PREPARE ADD fonts/NotoSansRejang-Regular.ttf
2025-11-12 12:25:01+0700: PREPARE ADD fonts/NotoSansPauCinHau-Regular.ttf
2025-11-12 12:25:01+0700: PREPARE ADD fonts/NotoSansPahawhHmong-Regular.ttf
2025-11-12 12:25:01+0700: PREPARE ADD fonts/NotoSansOsmanya-Regular.ttf
2025-11-12 12:25:01+0700: PREPARE ADD fonts/NotoSansOsage-Regular.ttf
2025-11-12 12:25:01+0700: PREPARE ADD fonts/NotoSansOriya-Regular.ttf
2025-11-12 12:25:01+0700: PREPARE ADD fonts/NotoSansOlChiki-Regular.ttf
2025-11-12 12:25:01+0700: PREPARE ADD fonts/NotoSansNewa-Regular.ttf
2025-11-12 12:25:01+0700: PREPARE ADD fonts/NotoSansNewTaiLue-Regular.ttf
2025-11-12 12:25:01+0700: PREPARE ADD fonts/NotoSansNKo-Regular.ttf
2025-11-12 12:25:01+0700: PREPARE ADD fonts/NotoSansMultani-Regular.ttf
2025-11-12 12:25:01+0700: PREPARE ADD fonts/NotoSansMro-Regular.ttf
2025-11-12 12:25:01+0700: PREPARE ADD fonts/NotoSansMongolian-Regular.ttf
2025-11-12 12:25:01+0700: PREPARE ADD fonts/NotoSansModi-Regular.ttf
2025-11-12 12:25:01+0700: PREPARE ADD fonts/NotoSansMiao-Regular.ttf
2025-11-12 12:25:01+0700: PREPARE ADD fonts/NotoSansMendeKikakui-Regular.ttf
2025-11-12 12:25:01+0700: PREPARE ADD fonts/NotoSansMeeteiMayek-Regular.ttf
2025-11-12 12:25:01+0700: PREPARE ADD fonts/NotoSansMedefaidrin-Regular.ttf
2025-11-12 12:25:01+0700: PREPARE ADD fonts/NotoSansMasaramGondi-Regular.ttf
2025-11-12 12:25:01+0700: PREPARE ADD fonts/NotoSansMandaic-Regular.ttf
2025-11-12 12:25:01+0700: PREPARE ADD fonts/NotoSansMalayalam-Regular.ttf
2025-11-12 12:25:01+0700: PREPARE ADD fonts/NotoSansMahajani-Regular.ttf
2025-11-12 12:25:01+0700: PREPARE ADD fonts/NotoSansLisu-Regular.ttf
2025-11-12 12:25:01+0700: PREPARE ADD fonts/NotoSansLimbu-Regular.ttf
2025-11-12 12:25:01+0700: PREPARE ADD fonts/NotoSansLepcha-Regular.ttf
2025-11-12 12:25:01+0700: PREPARE ADD fonts/NotoSansLao-Regular.ttf
2025-11-12 12:25:01+0700: PREPARE ADD fonts/NotoSansKhudawadi-Regular.ttf
2025-11-12 12:25:01+0700: PREPARE ADD fonts/NotoSansKhojki-Regular.ttf
2025-11-12 12:25:01+0700: PREPARE ADD fonts/NotoSansKhmer-Regular.ttf
2025-11-12 12:25:01+0700: PREPARE ADD fonts/NotoSansKayahLi-Regular.ttf
2025-11-12 12:25:01+0700: PREPARE ADD fonts/NotoSansKannada-Regular.ttf
2025-11-12 12:25:01+0700: PREPARE ADD fonts/NotoSansKR-Regular.otf
2025-11-12 12:25:01+0700: PREPARE ADD fonts/NotoSansJavanese-Regular.ttf
2025-11-12 12:25:01+0700: PREPARE ADD fonts/NotoSansJP-Regular.otf
2025-11-12 12:25:01+0700: PREPARE ADD fonts/NotoSansHebrew-Regular.ttf
2025-11-12 12:25:01+0700: PREPARE ADD fonts/NotoSansHanunoo-Regular.ttf
2025-11-12 12:25:01+0700: PREPARE ADD fonts/NotoSansHanifiRohingya-Regular.ttf
2025-11-12 12:25:01+0700: PREPARE ADD fonts/NotoSansGurmukhi-Regular.ttf
2025-11-12 12:25:01+0700: PREPARE ADD fonts/NotoSansGunjalaGondi-Regular.ttf
2025-11-12 12:25:01+0700: PREPARE ADD fonts/NotoSansGujarati-Regular.ttf
2025-11-12 12:25:01+0700: PREPARE ADD fonts/NotoSansGrantha-Regular.ttf
2025-11-12 12:25:01+0700: PREPARE ADD fonts/NotoSansGeorgian-Regular.ttf
2025-11-12 12:25:01+0700: PREPARE ADD fonts/NotoSansEthiopic-Regular.ttf
2025-11-12 12:25:01+0700: PREPARE ADD fonts/NotoSansElbasan-Regular.ttf
2025-11-12 12:25:01+0700: PREPARE ADD fonts/NotoSansDevanagari-Regular.ttf
2025-11-12 12:25:01+0700: PREPARE ADD fonts/NotoSansDeseret-Regular.ttf
2025-11-12 12:25:01+0700: PREPARE ADD fonts/NotoSansCoptic-Regular.ttf
2025-11-12 12:25:01+0700: PREPARE ADD fonts/NotoSansCherokee-Regular.ttf
2025-11-12 12:25:01+0700: PREPARE ADD fonts/NotoSansCham-Regular.ttf
2025-11-12 12:25:01+0700: PREPARE ADD fonts/NotoSansChakma-Regular.ttf
2025-11-12 12:25:01+0700: PREPARE ADD fonts/NotoSansCanadianAboriginal-Regular.ttf
2025-11-12 12:25:01+0700: PREPARE ADD fonts/NotoSansBuhid-Regular.ttf
2025-11-12 12:25:01+0700: PREPARE ADD fonts/NotoSansBuginese-Regular.ttf
2025-11-12 12:25:01+0700: PREPARE ADD fonts/NotoSansBengali-Regular.ttf
2025-11-12 12:25:01+0700: PREPARE ADD fonts/NotoSansBatak-Regular.ttf
2025-11-12 12:25:01+0700: PREPARE ADD fonts/NotoSansBassaVah-Regular.ttf
2025-11-12 12:25:01+0700: PREPARE ADD fonts/NotoSansBamum-Regular.ttf
2025-11-12 12:25:01+0700: PREPARE ADD fonts/NotoSansBalinese-Regular.ttf
2025-11-12 12:25:01+0700: PREPARE ADD fonts/NotoSansArmenian-Regular.ttf
2025-11-12 12:25:01+0700: PREPARE ADD fonts/NotoSansAdlam-Regular.ttf
2025-11-12 12:25:01+0700: PREPARE ADD fonts/NotoNaskhArabic-Regular.ttf
2025-11-12 12:25:01+0700: PREPARE ADD fonts/NotoColorEmoji.ttf
2025-11-12 12:25:01+0700: PREPARE ADD fonts/Cousine-Regular.ttf
2025-11-12 12:25:01+0700: PREPARE ADD fonts/Cousine-Italic.ttf
2025-11-12 12:25:01+0700: PREPARE ADD fonts/Cousine-BoldItalic.ttf
2025-11-12 12:25:01+0700: PREPARE ADD fonts/Cousine-Bold.ttf
2025-11-12 12:25:01+0700: PREPARE ADD fonts/Arimo-Regular.ttf
2025-11-12 12:25:01+0700: PREPARE ADD fonts/Arimo-Italic.ttf
2025-11-12 12:25:01+0700: PREPARE ADD fonts/Arimo-BoldItalic.ttf
2025-11-12 12:25:01+0700: PREPARE ADD fonts/Arimo-Bold.ttf
2025-11-12 12:25:01+0700: PREPARE ADD fonts/000_README.txt
2025-11-12 12:25:01+0700: PREPARE ADD firefox.real
2025-11-12 12:25:01+0700: PREPARE ADD firefox
2025-11-12 12:25:01+0700: PREPARE ADD execdesktop
2025-11-12 12:25:01+0700: PREPARE ADD distribution/extensions/{73a6fe31-595d-460b-a920-fcc0f8843232}.xpi
2025-11-12 12:25:01+0700: PREPARE ADD dependentlibs.list
2025-11-12 12:25:01+0700: PREPARE ADD browser/omni.ja
2025-11-12 12:25:01+0700: PREPARE ADD browser/chrome/icons/default/default64.png
2025-11-12 12:25:01+0700: PREPARE ADD browser/chrome/icons/default/default48.png
2025-11-12 12:25:01+0700: PREPARE ADD browser/chrome/icons/default/default32.png
2025-11-12 12:25:01+0700: PREPARE ADD browser/chrome/icons/default/default16.png
2025-11-12 12:25:01+0700: PREPARE ADD browser/chrome/icons/default/default128.png
2025-11-12 12:25:01+0700: PREPARE ADD browser/chrome/icons/default/about-logo.svg
2025-11-12 12:25:01+0700: PREPARE ADD application.ini
2025-11-12 12:25:01+0700: PREPARE ADD abicheck
2025-11-12 12:25:01+0700: PREPARE ADD TorBrowser/Tor/tor
2025-11-12 12:25:01+0700: PREPARE ADD TorBrowser/Tor/libstdc++/libstdc++.so.6
2025-11-12 12:25:01+0700: PREPARE ADD TorBrowser/Tor/libssl.so.3
2025-11-12 12:25:01+0700: PREPARE ADD TorBrowser/Tor/libevent-2.1.so.7
2025-11-12 12:25:01+0700: PREPARE ADD TorBrowser/Tor/libcrypto.so.3
2025-11-12 12:25:01+0700: PREPARE ADD TorBrowser/Tor/PluggableTransports/lyrebird
2025-11-12 12:25:01+0700: PREPARE ADD TorBrowser/Tor/PluggableTransports/conjure-client
2025-11-12 12:25:01+0700: PREPARE ADD TorBrowser/Docs/conjure/README.md
2025-11-12 12:25:01+0700: PREPARE ADD TorBrowser/Docs/Licenses/tor.txt
2025-11-12 12:25:01+0700: PREPARE ADD TorBrowser/Docs/Licenses/openssl.txt
2025-11-12 12:25:01+0700: PREPARE ADD TorBrowser/Docs/Licenses/lyrebird.txt
2025-11-12 12:25:01+0700: PREPARE ADD TorBrowser/Docs/Licenses/libevent.txt
2025-11-12 12:25:01+0700: PREPARE ADD TorBrowser/Docs/Licenses/conjure.txt
2025-11-12 12:25:01+0700: PREPARE ADD TorBrowser/Docs/Licenses/Torbutton.txt
2025-11-12 12:25:01+0700: PREPARE ADD TorBrowser/Docs/Licenses/Tor-Launcher.txt
2025-11-12 12:25:01+0700: PREPARE ADD TorBrowser/Docs/Licenses/Noto-Fonts.txt
2025-11-12 12:25:01+0700: PREPARE ADD TorBrowser/Docs/Licenses/Noto-CJK-Font.txt
2025-11-12 12:25:01+0700: PREPARE ADD TorBrowser/Docs/Licenses/NoScript.txt
2025-11-12 12:25:01+0700: PREPARE ADD TorBrowser/Docs/Licenses/Firefox.txt
2025-11-12 12:25:01+0700: PREPARE ADD TorBrowser/Docs/ChangeLog.txt
2025-11-12 12:25:01+0700: PREPARE ADD TorBrowser/Data/Tor/torrc-defaults
2025-11-12 12:25:01+0700: PREPARE ADD TorBrowser/Data/Tor/geoip6
2025-11-12 12:25:01+0700: PREPARE ADD TorBrowser/Data/Tor/geoip
2025-11-12 12:25:01+0700: PREPARE ADD TorBrowser/Data/Browser/profile.default/extensions/{73a6fe31-595d-460b-a920-fcc0f8843232}.xpi
2025-11-12 12:25:01+0700: PREPARE ADD .config/gtk-3.0/settings.ini
2025-11-12 12:25:01+0700: EXECUTE REMOVEFILE vaapitest
2025-11-12 12:25:01+0700: EXECUTE REMOVEFILE updater.ini
2025-11-12 12:25:01+0700: EXECUTE REMOVEFILE updater
2025-11-12 12:25:01+0700: EXECUTE REMOVEFILE tbb_version.json
2025-11-12 12:25:01+0700: EXECUTE REMOVEFILE start-tor-browser.desktop
2025-11-12 12:25:01+0700: EXECUTE REMOVEFILE start-tor-browser
2025-11-12 12:25:01+0700: EXECUTE REMOVEFILE removed-files
2025-11-12 12:25:01+0700: EXECUTE REMOVEFILE precomplete
2025-11-12 12:25:01+0700: EXECUTE REMOVEFILE platform.ini
2025-11-12 12:25:01+0700: EXECUTE REMOVEFILE omni.ja
2025-11-12 12:25:01+0700: EXECUTE REMOVEFILE libxul.so
2025-11-12 12:25:01+0700: EXECUTE REMOVEFILE libssl3.so
2025-11-12 12:25:01+0700: EXECUTE REMOVEFILE libsoftokn3.so
2025-11-12 12:25:01+0700: EXECUTE REMOVEFILE libsmime3.so
2025-11-12 12:25:01+0700: EXECUTE REMOVEFILE libplds4.so
2025-11-12 12:25:01+0700: EXECUTE REMOVEFILE libplc4.so
2025-11-12 12:25:01+0700: EXECUTE REMOVEFILE libnssutil3.so
2025-11-12 12:25:01+0700: EXECUTE REMOVEFILE libnssckbi.so
2025-11-12 12:25:01+0700: EXECUTE REMOVEFILE libnss3.so
2025-11-12 12:25:01+0700: EXECUTE REMOVEFILE libnspr4.so
2025-11-12 12:25:01+0700: EXECUTE REMOVEFILE libmozwayland.so
2025-11-12 12:25:01+0700: EXECUTE REMOVEFILE libmozsqlite3.so
2025-11-12 12:25:01+0700: EXECUTE REMOVEFILE libmozsandbox.so
2025-11-12 12:25:01+0700: EXECUTE REMOVEFILE libmozgtk.so
2025-11-12 12:25:01+0700: EXECUTE REMOVEFILE libmozavutil.so
2025-11-12 12:25:01+0700: EXECUTE REMOVEFILE libmozavcodec.so
2025-11-12 12:25:01+0700: EXECUTE REMOVEFILE liblgpllibs.so
2025-11-12 12:25:01+0700: EXECUTE REMOVEFILE libipcclientcerts.so
2025-11-12 12:25:01+0700: EXECUTE REMOVEFILE libgkcodecs.so
2025-11-12 12:25:01+0700: EXECUTE REMOVEFILE libfreeblpriv3.so
2025-11-12 12:25:01+0700: EXECUTE REMOVEFILE icons/updater.png
2025-11-12 12:25:01+0700: EXECUTE REMOVEFILE glxtest
2025-11-12 12:25:01+0700: EXECUTE REMOVEFILE firefox.real
2025-11-12 12:25:01+0700: EXECUTE REMOVEFILE firefox
2025-11-12 12:25:01+0700: EXECUTE REMOVEFILE execdesktop
2025-11-12 12:25:01+0700: EXECUTE REMOVEFILE dependentlibs.list
2025-11-12 12:25:01+0700: EXECUTE REMOVEFILE browser/omni.ja
2025-11-12 12:25:01+0700: EXECUTE REMOVEFILE browser/chrome/icons/default/default64.png
2025-11-12 12:25:01+0700: EXECUTE REMOVEFILE browser/chrome/icons/default/default48.png
2025-11-12 12:25:01+0700: EXECUTE REMOVEFILE browser/chrome/icons/default/default32.png
2025-11-12 12:25:01+0700: EXECUTE REMOVEFILE browser/chrome/icons/default/default16.png
2025-11-12 12:25:01+0700: EXECUTE REMOVEFILE browser/chrome/icons/default/default128.png
2025-11-12 12:25:01+0700: EXECUTE REMOVEFILE browser/chrome/icons/default/about-logo.svg
2025-11-12 12:25:01+0700: EXECUTE REMOVEFILE application.ini
2025-11-12 12:25:01+0700: EXECUTE REMOVEFILE abicheck
2025-11-12 12:25:01+0700: EXECUTE REMOVEFILE TorBrowser/Tor/tor
2025-11-12 12:25:01+0700: EXECUTE REMOVEFILE TorBrowser/Tor/libstdc++/libstdc++.so.6
2025-11-12 12:25:01+0700: EXECUTE REMOVEFILE TorBrowser/Tor/libssl.so.3
2025-11-12 12:25:01+0700: EXECUTE REMOVEFILE TorBrowser/Tor/libevent-2.1.so.7
2025-11-12 12:25:01+0700: EXECUTE REMOVEFILE TorBrowser/Tor/libcrypto.so.3
2025-11-12 12:25:01+0700: EXECUTE REMOVEFILE TorBrowser/Tor/PluggableTransports/lyrebird
2025-11-12 12:25:01+0700: EXECUTE REMOVEFILE TorBrowser/Tor/PluggableTransports/conjure-client
2025-11-12 12:25:01+0700: EXECUTE REMOVEFILE TorBrowser/Docs/conjure/README.md
2025-11-12 12:25:01+0700: EXECUTE REMOVEFILE TorBrowser/Docs/Licenses/tor.txt
2025-11-12 12:25:01+0700: EXECUTE REMOVEFILE TorBrowser/Docs/Licenses/openssl.txt
2025-11-12 12:25:01+0700: EXECUTE REMOVEFILE TorBrowser/Docs/Licenses/lyrebird.txt
2025-11-12 12:25:01+0700: EXECUTE REMOVEFILE TorBrowser/Docs/Licenses/libevent.txt
2025-11-12 12:25:01+0700: EXECUTE REMOVEFILE TorBrowser/Docs/Licenses/conjure.txt
2025-11-12 12:25:01+0700: EXECUTE REMOVEFILE TorBrowser/Docs/Licenses/Torbutton.txt
2025-11-12 12:25:01+0700: EXECUTE REMOVEFILE TorBrowser/Docs/Licenses/Tor-Launcher.txt
2025-11-12 12:25:01+0700: EXECUTE REMOVEFILE TorBrowser/Docs/Licenses/Noto-Fonts.txt
2025-11-12 12:25:01+0700: EXECUTE REMOVEFILE TorBrowser/Docs/Licenses/Noto-CJK-Font.txt
2025-11-12 12:25:01+0700: EXECUTE REMOVEFILE TorBrowser/Docs/Licenses/NoScript.txt
2025-11-12 12:25:01+0700: EXECUTE REMOVEFILE TorBrowser/Docs/Licenses/Firefox.txt
2025-11-12 12:25:01+0700: EXECUTE REMOVEFILE TorBrowser/Docs/ChangeLog.txt
2025-11-12 12:25:01+0700: EXECUTE REMOVEFILE TorBrowser/Data/Tor/torrc-defaults
2025-11-12 12:25:01+0700: EXECUTE REMOVEFILE TorBrowser/Data/Tor/geoip6
2025-11-12 12:25:01+0700: EXECUTE REMOVEFILE TorBrowser/Data/Tor/geoip
2025-11-12 12:25:01+0700: EXECUTE REMOVEFILE TorBrowser/Data/Browser/profile.default/extensions/{73a6fe31-595d-460b-a920-fcc0f8843232}.xpi
2025-11-12 12:25:01+0700: EXECUTE REMOVEFILE .config/gtk-3.0/settings.ini
2025-11-12 12:25:01+0700: EXECUTE REMOVEDIR icons/
2025-11-12 12:25:01+0700: EXECUTE REMOVEDIR fonts/
2025-11-12 12:25:01+0700: EXECUTE REMOVEDIR defaults/pref/
2025-11-12 12:25:01+0700: EXECUTE REMOVEDIR defaults/
2025-11-12 12:25:01+0700: EXECUTE REMOVEDIR browser/chrome/icons/default/
2025-11-12 12:25:01+0700: EXECUTE REMOVEDIR browser/chrome/icons/
2025-11-12 12:25:01+0700: EXECUTE REMOVEDIR browser/chrome/
2025-11-12 12:25:01+0700: EXECUTE REMOVEDIR browser/
2025-11-12 12:25:01+0700: EXECUTE REMOVEDIR TorBrowser/Tor/libstdc++/
2025-11-12 12:25:01+0700: EXECUTE REMOVEDIR TorBrowser/Tor/PluggableTransports/
2025-11-12 12:25:01+0700: EXECUTE REMOVEDIR TorBrowser/Tor/
2025-11-12 12:25:01+0700: EXECUTE REMOVEDIR TorBrowser/Docs/conjure/
2025-11-12 12:25:01+0700: EXECUTE REMOVEDIR TorBrowser/Docs/Licenses/
2025-11-12 12:25:01+0700: EXECUTE REMOVEDIR TorBrowser/Docs/
2025-11-12 12:25:01+0700: EXECUTE REMOVEDIR TorBrowser/Data/Tor/
2025-11-12 12:25:01+0700: EXECUTE REMOVEDIR TorBrowser/Data/Browser/profile.default/extensions/
2025-11-12 12:25:01+0700: EXECUTE REMOVEDIR TorBrowser/Data/Browser/profile.default/
2025-11-12 12:25:01+0700: EXECUTE REMOVEDIR TorBrowser/Data/Browser/Caches/
2025-11-12 12:25:01+0700: EXECUTE REMOVEDIR TorBrowser/Data/Browser/
2025-11-12 12:25:01+0700: EXECUTE REMOVEDIR TorBrowser/Data/
2025-11-12 12:25:01+0700: EXECUTE REMOVEDIR TorBrowser/
2025-11-12 12:25:01+0700: EXECUTE REMOVEDIR .config/gtk-3.0/
2025-11-12 12:25:01+0700: EXECUTE REMOVEDIR .config/
2025-11-12 12:25:01+0700: EXECUTE ADD vaapitest
2025-11-12 12:25:01+0700: EXECUTE ADD updater.ini
2025-11-12 12:25:01+0700: EXECUTE ADD updater
2025-11-12 12:25:01+0700: EXECUTE ADD tbb_version.json
2025-11-12 12:25:01+0700: EXECUTE ADD start-tor-browser.desktop
2025-11-12 12:25:01+0700: EXECUTE ADD start-tor-browser
2025-11-12 12:25:01+0700: EXECUTE ADD removed-files
2025-11-12 12:25:01+0700: EXECUTE ADD precomplete
2025-11-12 12:25:01+0700: EXECUTE ADD platform.ini
2025-11-12 12:25:01+0700: EXECUTE ADD omni.ja
2025-11-12 12:25:02+0700: EXECUTE ADD libxul.so
2025-11-12 12:25:06+0700: EXECUTE ADD libssl3.so
2025-11-12 12:25:06+0700: EXECUTE ADD libsoftokn3.so
2025-11-12 12:25:06+0700: EXECUTE ADD libsmime3.so
2025-11-12 12:25:06+0700: EXECUTE ADD libplds4.so
2025-11-12 12:25:06+0700: EXECUTE ADD libplc4.so
2025-11-12 12:25:06+0700: EXECUTE ADD libnssutil3.so
2025-11-12 12:25:06+0700: EXECUTE ADD libnss3.so
2025-11-12 12:25:06+0700: EXECUTE ADD libnspr4.so
2025-11-12 12:25:06+0700: EXECUTE ADD libmozwayland.so
2025-11-12 12:25:06+0700: EXECUTE ADD libmozsqlite3.so
2025-11-12 12:25:06+0700: EXECUTE ADD libmozsandbox.so
2025-11-12 12:25:06+0700: EXECUTE ADD libmozgtk.so
2025-11-12 12:25:06+0700: EXECUTE ADD libmozavutil.so
2025-11-12 12:25:06+0700: EXECUTE ADD libmozavcodec.so
2025-11-12 12:25:06+0700: EXECUTE ADD liblgpllibs.so
2025-11-12 12:25:06+0700: EXECUTE ADD libgkcodecs.so
2025-11-12 12:25:06+0700: EXECUTE ADD libfreeblpriv3.so
2025-11-12 12:25:06+0700: EXECUTE ADD icons/updater.png
2025-11-12 12:25:06+0700: EXECUTE ADD glxtest
2025-11-12 12:25:06+0700: EXECUTE ADD fonts/fonts.conf
2025-11-12 12:25:06+0700: EXECUTE ADD fonts/TwemojiMozilla.ttf
2025-11-12 12:25:07+0700: EXECUTE ADD fonts/Tinos-Regular.ttf
2025-11-12 12:25:07+0700: EXECUTE ADD fonts/Tinos-Italic.ttf
2025-11-12 12:25:07+0700: EXECUTE ADD fonts/Tinos-BoldItalic.ttf
2025-11-12 12:25:07+0700: EXECUTE ADD fonts/Tinos-Bold.ttf
2025-11-12 12:25:07+0700: EXECUTE ADD fonts/STIXTwoMath-Regular.otf
2025-11-12 12:25:07+0700: EXECUTE ADD fonts/Pyidaungsu-2.5.3_Regular.ttf
2025-11-12 12:25:07+0700: EXECUTE ADD fonts/NotoSerifYezidi-Regular.ttf
2025-11-12 12:25:07+0700: EXECUTE ADD fonts/NotoSerifTibetan-Regular.ttf
2025-11-12 12:25:07+0700: EXECUTE ADD fonts/NotoSerifThai-Regular.ttf
2025-11-12 12:25:07+0700: EXECUTE ADD fonts/NotoSerifTelugu-Regular.ttf
2025-11-12 12:25:07+0700: EXECUTE ADD fonts/NotoSerifTamil-Regular.ttf
2025-11-12 12:25:07+0700: EXECUTE ADD fonts/NotoSerifSinhala-Regular.ttf
2025-11-12 12:25:07+0700: EXECUTE ADD fonts/NotoSerifNPHmong-Regular.ttf
2025-11-12 12:25:07+0700: EXECUTE ADD fonts/NotoSerifMyanmar-Regular.ttf
2025-11-12 12:25:07+0700: EXECUTE ADD fonts/NotoSerifMalayalam-Regular.ttf
2025-11-12 12:25:07+0700: EXECUTE ADD fonts/NotoSerifLao-Regular.ttf
2025-11-12 12:25:07+0700: EXECUTE ADD fonts/NotoSerifKhojki-Regular.ttf
2025-11-12 12:25:07+0700: EXECUTE ADD fonts/NotoSerifKhmer-Regular.ttf
2025-11-12 12:25:07+0700: EXECUTE ADD fonts/NotoSerifKannada-Regular.ttf
2025-11-12 12:25:07+0700: EXECUTE ADD fonts/NotoSerifHebrew-Regular.ttf
2025-11-12 12:25:07+0700: EXECUTE ADD fonts/NotoSerifGurmukhi-Regular.ttf
2025-11-12 12:25:07+0700: EXECUTE ADD fonts/NotoSerifGujarati-Regular.ttf
2025-11-12 12:25:07+0700: EXECUTE ADD fonts/NotoSerifGrantha-Regular.ttf
2025-11-12 12:25:07+0700: EXECUTE ADD fonts/NotoSerifGeorgian-Regular.ttf
2025-11-12 12:25:07+0700: EXECUTE ADD fonts/NotoSerifEthiopic-Regular.ttf
2025-11-12 12:25:07+0700: EXECUTE ADD fonts/NotoSerifDogra-Regular.ttf
2025-11-12 12:25:07+0700: EXECUTE ADD fonts/NotoSerifDevanagari-Regular.ttf
2025-11-12 12:25:07+0700: EXECUTE ADD fonts/NotoSerifBengali-Regular.ttf
2025-11-12 12:25:07+0700: EXECUTE ADD fonts/NotoSerifBalinese-Regular.ttf
2025-11-12 12:25:07+0700: EXECUTE ADD fonts/NotoSerifArmenian-Regular.ttf
2025-11-12 12:25:07+0700: EXECUTE ADD fonts/NotoSansZanabazarSquare-Regular.ttf
2025-11-12 12:25:07+0700: EXECUTE ADD fonts/NotoSansYi-Regular.ttf
2025-11-12 12:25:07+0700: EXECUTE ADD fonts/NotoSansWarangCiti-Regular.ttf
2025-11-12 12:25:07+0700: EXECUTE ADD fonts/NotoSansWancho-Regular.ttf
2025-11-12 12:25:07+0700: EXECUTE ADD fonts/NotoSansVai-Regular.ttf
2025-11-12 12:25:07+0700: EXECUTE ADD fonts/NotoSansTirhuta-Regular.ttf
2025-11-12 12:25:07+0700: EXECUTE ADD fonts/NotoSansTifinaghTawellemmet-Regular.ttf
2025-11-12 12:25:07+0700: EXECUTE ADD fonts/NotoSansTifinaghSIL-Regular.ttf
2025-11-12 12:25:07+0700: EXECUTE ADD fonts/NotoSansTifinaghRhissaIxa-Regular.ttf
2025-11-12 12:25:07+0700: EXECUTE ADD fonts/NotoSansTifinaghHawad-Regular.ttf
2025-11-12 12:25:07+0700: EXECUTE ADD fonts/NotoSansTifinaghGhat-Regular.ttf
2025-11-12 12:25:07+0700: EXECUTE ADD fonts/NotoSansTifinaghAzawagh-Regular.ttf
2025-11-12 12:25:07+0700: EXECUTE ADD fonts/NotoSansTifinaghAir-Regular.ttf
2025-11-12 12:25:07+0700: EXECUTE ADD fonts/NotoSansTifinaghAhaggar-Regular.ttf
2025-11-12 12:25:07+0700: EXECUTE ADD fonts/NotoSansTifinaghAgrawImazighen-Regular.ttf
2025-11-12 12:25:07+0700: EXECUTE ADD fonts/NotoSansTifinaghAdrar-Regular.ttf
2025-11-12 12:25:07+0700: EXECUTE ADD fonts/NotoSansTifinaghAPT-Regular.ttf
2025-11-12 12:25:07+0700: EXECUTE ADD fonts/NotoSansTifinagh-Regular.ttf
2025-11-12 12:25:07+0700: EXECUTE ADD fonts/NotoSansThai-Regular.ttf
2025-11-12 12:25:07+0700: EXECUTE ADD fonts/NotoSansThaana-Regular.ttf
2025-11-12 12:25:07+0700: EXECUTE ADD fonts/NotoSansTelugu-Regular.ttf
2025-11-12 12:25:07+0700: EXECUTE ADD fonts/NotoSansTamil-Regular.ttf
2025-11-12 12:25:07+0700: EXECUTE ADD fonts/NotoSansTakri-Regular.ttf
2025-11-12 12:25:07+0700: EXECUTE ADD fonts/NotoSansTaiViet-Regular.ttf
2025-11-12 12:25:07+0700: EXECUTE ADD fonts/NotoSansTaiTham-Regular.ttf
2025-11-12 12:25:07+0700: EXECUTE ADD fonts/NotoSansTaiLe-Regular.ttf
2025-11-12 12:25:07+0700: EXECUTE ADD fonts/NotoSansTagbanwa-Regular.ttf
2025-11-12 12:25:07+0700: EXECUTE ADD fonts/NotoSansTagalog-Regular.ttf
2025-11-12 12:25:07+0700: EXECUTE ADD fonts/NotoSansTC-Regular.otf
2025-11-12 12:25:07+0700: EXECUTE ADD fonts/NotoSansSyriac-Regular.ttf
2025-11-12 12:25:07+0700: EXECUTE ADD fonts/NotoSansSymbols2-Regular.ttf
2025-11-12 12:25:07+0700: EXECUTE ADD fonts/NotoSansSymbols-Regular.ttf
2025-11-12 12:25:07+0700: EXECUTE ADD fonts/NotoSansSylotiNagri-Regular.ttf
2025-11-12 12:25:07+0700: EXECUTE ADD fonts/NotoSansSundanese-Regular.ttf
2025-11-12 12:25:07+0700: EXECUTE ADD fonts/NotoSansSoyombo-Regular.ttf
2025-11-12 12:25:07+0700: EXECUTE ADD fonts/NotoSansSoraSompeng-Regular.ttf
2025-11-12 12:25:07+0700: EXECUTE ADD fonts/NotoSansSinhala-Regular.ttf
2025-11-12 12:25:07+0700: EXECUTE ADD fonts/NotoSansShavian-Regular.ttf
2025-11-12 12:25:07+0700: EXECUTE ADD fonts/NotoSansSharada-Regular.ttf
2025-11-12 12:25:07+0700: EXECUTE ADD fonts/NotoSansSaurashtra-Regular.ttf
2025-11-12 12:25:07+0700: EXECUTE ADD fonts/NotoSansSamaritan-Regular.ttf
2025-11-12 12:25:07+0700: EXECUTE ADD fonts/NotoSansSC-Regular.otf
2025-11-12 12:25:08+0700: EXECUTE ADD fonts/NotoSansRunic-Regular.ttf
2025-11-12 12:25:08+0700: EXECUTE ADD fonts/NotoSansRejang-Regular.ttf
2025-11-12 12:25:08+0700: EXECUTE ADD fonts/NotoSansPauCinHau-Regular.ttf
2025-11-12 12:25:08+0700: EXECUTE ADD fonts/NotoSansPahawhHmong-Regular.ttf
2025-11-12 12:25:08+0700: EXECUTE ADD fonts/NotoSansOsmanya-Regular.ttf
2025-11-12 12:25:08+0700: EXECUTE ADD fonts/NotoSansOsage-Regular.ttf
2025-11-12 12:25:08+0700: EXECUTE ADD fonts/NotoSansOriya-Regular.ttf
2025-11-12 12:25:08+0700: EXECUTE ADD fonts/NotoSansOlChiki-Regular.ttf
2025-11-12 12:25:08+0700: EXECUTE ADD fonts/NotoSansNewa-Regular.ttf
2025-11-12 12:25:08+0700: EXECUTE ADD fonts/NotoSansNewTaiLue-Regular.ttf
2025-11-12 12:25:08+0700: EXECUTE ADD fonts/NotoSansNKo-Regular.ttf
2025-11-12 12:25:08+0700: EXECUTE ADD fonts/NotoSansMultani-Regular.ttf
2025-11-12 12:25:08+0700: EXECUTE ADD fonts/NotoSansMro-Regular.ttf
2025-11-12 12:25:08+0700: EXECUTE ADD fonts/NotoSansMongolian-Regular.ttf
2025-11-12 12:25:08+0700: EXECUTE ADD fonts/NotoSansModi-Regular.ttf
2025-11-12 12:25:08+0700: EXECUTE ADD fonts/NotoSansMiao-Regular.ttf
2025-11-12 12:25:08+0700: EXECUTE ADD fonts/NotoSansMendeKikakui-Regular.ttf
2025-11-12 12:25:08+0700: EXECUTE ADD fonts/NotoSansMeeteiMayek-Regular.ttf
2025-11-12 12:25:08+0700: EXECUTE ADD fonts/NotoSansMedefaidrin-Regular.ttf
2025-11-12 12:25:08+0700: EXECUTE ADD fonts/NotoSansMasaramGondi-Regular.ttf
2025-11-12 12:25:08+0700: EXECUTE ADD fonts/NotoSansMandaic-Regular.ttf
2025-11-12 12:25:08+0700: EXECUTE ADD fonts/NotoSansMalayalam-Regular.ttf
2025-11-12 12:25:08+0700: EXECUTE ADD fonts/NotoSansMahajani-Regular.ttf
2025-11-12 12:25:08+0700: EXECUTE ADD fonts/NotoSansLisu-Regular.ttf
2025-11-12 12:25:08+0700: EXECUTE ADD fonts/NotoSansLimbu-Regular.ttf
2025-11-12 12:25:08+0700: EXECUTE ADD fonts/NotoSansLepcha-Regular.ttf
2025-11-12 12:25:08+0700: EXECUTE ADD fonts/NotoSansLao-Regular.ttf
2025-11-12 12:25:08+0700: EXECUTE ADD fonts/NotoSansKhudawadi-Regular.ttf
2025-11-12 12:25:08+0700: EXECUTE ADD fonts/NotoSansKhojki-Regular.ttf
2025-11-12 12:25:08+0700: EXECUTE ADD fonts/NotoSansKhmer-Regular.ttf
2025-11-12 12:25:08+0700: EXECUTE ADD fonts/NotoSansKayahLi-Regular.ttf
2025-11-12 12:25:08+0700: EXECUTE ADD fonts/NotoSansKannada-Regular.ttf
2025-11-12 12:25:08+0700: EXECUTE ADD fonts/NotoSansKR-Regular.otf
2025-11-12 12:25:08+0700: EXECUTE ADD fonts/NotoSansJavanese-Regular.ttf
2025-11-12 12:25:08+0700: EXECUTE ADD fonts/NotoSansJP-Regular.otf
2025-11-12 12:25:08+0700: EXECUTE ADD fonts/NotoSansHebrew-Regular.ttf
2025-11-12 12:25:08+0700: EXECUTE ADD fonts/NotoSansHanunoo-Regular.ttf
2025-11-12 12:25:08+0700: EXECUTE ADD fonts/NotoSansHanifiRohingya-Regular.ttf
2025-11-12 12:25:08+0700: EXECUTE ADD fonts/NotoSansGurmukhi-Regular.ttf
2025-11-12 12:25:08+0700: EXECUTE ADD fonts/NotoSansGunjalaGondi-Regular.ttf
2025-11-12 12:25:08+0700: EXECUTE ADD fonts/NotoSansGujarati-Regular.ttf
2025-11-12 12:25:08+0700: EXECUTE ADD fonts/NotoSansGrantha-Regular.ttf
2025-11-12 12:25:08+0700: EXECUTE ADD fonts/NotoSansGeorgian-Regular.ttf
2025-11-12 12:25:08+0700: EXECUTE ADD fonts/NotoSansEthiopic-Regular.ttf
2025-11-12 12:25:08+0700: EXECUTE ADD fonts/NotoSansElbasan-Regular.ttf
2025-11-12 12:25:08+0700: EXECUTE ADD fonts/NotoSansDevanagari-Regular.ttf
2025-11-12 12:25:08+0700: EXECUTE ADD fonts/NotoSansDeseret-Regular.ttf
2025-11-12 12:25:08+0700: EXECUTE ADD fonts/NotoSansCoptic-Regular.ttf
2025-11-12 12:25:08+0700: EXECUTE ADD fonts/NotoSansCherokee-Regular.ttf
2025-11-12 12:25:08+0700: EXECUTE ADD fonts/NotoSansCham-Regular.ttf
2025-11-12 12:25:08+0700: EXECUTE ADD fonts/NotoSansChakma-Regular.ttf
2025-11-12 12:25:08+0700: EXECUTE ADD fonts/NotoSansCanadianAboriginal-Regular.ttf
2025-11-12 12:25:08+0700: EXECUTE ADD fonts/NotoSansBuhid-Regular.ttf
2025-11-12 12:25:08+0700: EXECUTE ADD fonts/NotoSansBuginese-Regular.ttf
2025-11-12 12:25:08+0700: EXECUTE ADD fonts/NotoSansBengali-Regular.ttf
2025-11-12 12:25:08+0700: EXECUTE ADD fonts/NotoSansBatak-Regular.ttf
2025-11-12 12:25:08+0700: EXECUTE ADD fonts/NotoSansBassaVah-Regular.ttf
2025-11-12 12:25:08+0700: EXECUTE ADD fonts/NotoSansBamum-Regular.ttf
2025-11-12 12:25:08+0700: EXECUTE ADD fonts/NotoSansBalinese-Regular.ttf
2025-11-12 12:25:08+0700: EXECUTE ADD fonts/NotoSansArmenian-Regular.ttf
2025-11-12 12:25:08+0700: EXECUTE ADD fonts/NotoSansAdlam-Regular.ttf
2025-11-12 12:25:08+0700: EXECUTE ADD fonts/NotoNaskhArabic-Regular.ttf
2025-11-12 12:25:08+0700: EXECUTE ADD fonts/NotoColorEmoji.ttf
2025-11-12 12:25:09+0700: EXECUTE ADD fonts/Cousine-Regular.ttf
2025-11-12 12:25:09+0700: EXECUTE ADD fonts/Cousine-Italic.ttf
2025-11-12 12:25:09+0700: EXECUTE ADD fonts/Cousine-BoldItalic.ttf
2025-11-12 12:25:09+0700: EXECUTE ADD fonts/Cousine-Bold.ttf
2025-11-12 12:25:09+0700: EXECUTE ADD fonts/Arimo-Regular.ttf
2025-11-12 12:25:09+0700: EXECUTE ADD fonts/Arimo-Italic.ttf
2025-11-12 12:25:09+0700: EXECUTE ADD fonts/Arimo-BoldItalic.ttf
2025-11-12 12:25:09+0700: EXECUTE ADD fonts/Arimo-Bold.ttf
2025-11-12 12:25:09+0700: EXECUTE ADD fonts/000_README.txt
2025-11-12 12:25:09+0700: EXECUTE ADD firefox.real
2025-11-12 12:25:09+0700: EXECUTE ADD firefox
2025-11-12 12:25:09+0700: EXECUTE ADD execdesktop
2025-11-12 12:25:09+0700: EXECUTE ADD distribution/extensions/{73a6fe31-595d-460b-a920-fcc0f8843232}.xpi
2025-11-12 12:25:09+0700: EXECUTE ADD dependentlibs.list
2025-11-12 12:25:09+0700: EXECUTE ADD browser/omni.ja
2025-11-12 12:25:10+0700: EXECUTE ADD browser/chrome/icons/default/default64.png
2025-11-12 12:25:10+0700: EXECUTE ADD browser/chrome/icons/default/default48.png
2025-11-12 12:25:10+0700: EXECUTE ADD browser/chrome/icons/default/default32.png
2025-11-12 12:25:10+0700: EXECUTE ADD browser/chrome/icons/default/default16.png
2025-11-12 12:25:10+0700: EXECUTE ADD browser/chrome/icons/default/default128.png
2025-11-12 12:25:10+0700: EXECUTE ADD browser/chrome/icons/default/about-logo.svg
2025-11-12 12:25:10+0700: EXECUTE ADD application.ini
2025-11-12 12:25:10+0700: EXECUTE ADD abicheck
2025-11-12 12:25:10+0700: EXECUTE ADD TorBrowser/Tor/tor
2025-11-12 12:25:10+0700: EXECUTE ADD TorBrowser/Tor/libstdc++/libstdc++.so.6
2025-11-12 12:25:10+0700: EXECUTE ADD TorBrowser/Tor/libssl.so.3
2025-11-12 12:25:10+0700: EXECUTE ADD TorBrowser/Tor/libevent-2.1.so.7
2025-11-12 12:25:10+0700: EXECUTE ADD TorBrowser/Tor/libcrypto.so.3
2025-11-12 12:25:10+0700: EXECUTE ADD TorBrowser/Tor/PluggableTransports/lyrebird
2025-11-12 12:25:11+0700: EXECUTE ADD TorBrowser/Tor/PluggableTransports/conjure-client
2025-11-12 12:25:11+0700: EXECUTE ADD TorBrowser/Docs/conjure/README.md
2025-11-12 12:25:11+0700: EXECUTE ADD TorBrowser/Docs/Licenses/tor.txt
2025-11-12 12:25:11+0700: EXECUTE ADD TorBrowser/Docs/Licenses/openssl.txt
2025-11-12 12:25:11+0700: EXECUTE ADD TorBrowser/Docs/Licenses/lyrebird.txt
2025-11-12 12:25:11+0700: EXECUTE ADD TorBrowser/Docs/Licenses/libevent.txt
2025-11-12 12:25:11+0700: EXECUTE ADD TorBrowser/Docs/Licenses/conjure.txt
2025-11-12 12:25:11+0700: EXECUTE ADD TorBrowser/Docs/Licenses/Torbutton.txt
2025-11-12 12:25:11+0700: EXECUTE ADD TorBrowser/Docs/Licenses/Tor-Launcher.txt
2025-11-12 12:25:11+0700: EXECUTE ADD TorBrowser/Docs/Licenses/Noto-Fonts.txt
2025-11-12 12:25:11+0700: EXECUTE ADD TorBrowser/Docs/Licenses/Noto-CJK-Font.txt
2025-11-12 12:25:11+0700: EXECUTE ADD TorBrowser/Docs/Licenses/NoScript.txt
2025-11-12 12:25:11+0700: EXECUTE ADD TorBrowser/Docs/Licenses/Firefox.txt
2025-11-12 12:25:11+0700: EXECUTE ADD TorBrowser/Docs/ChangeLog.txt
2025-11-12 12:25:11+0700: EXECUTE ADD TorBrowser/Data/Tor/torrc-defaults
2025-11-12 12:25:11+0700: EXECUTE ADD TorBrowser/Data/Tor/geoip6
2025-11-12 12:25:11+0700: EXECUTE ADD TorBrowser/Data/Tor/geoip
2025-11-12 12:25:12+0700: EXECUTE ADD TorBrowser/Data/Browser/profile.default/extensions/{73a6fe31-595d-460b-a920-fcc0f8843232}.xpi
2025-11-12 12:25:12+0700: EXECUTE ADD .config/gtk-3.0/settings.ini
2025-11-12 12:25:12+0700: FINISH REMOVEFILE vaapitest
2025-11-12 12:25:12+0700: FINISH REMOVEFILE updater.ini
2025-11-12 12:25:12+0700: FINISH REMOVEFILE updater
2025-11-12 12:25:12+0700: FINISH REMOVEFILE tbb_version.json
2025-11-12 12:25:12+0700: FINISH REMOVEFILE start-tor-browser.desktop
2025-11-12 12:25:12+0700: FINISH REMOVEFILE start-tor-browser
2025-11-12 12:25:12+0700: FINISH REMOVEFILE removed-files
2025-11-12 12:25:12+0700: FINISH REMOVEFILE precomplete
2025-11-12 12:25:12+0700: FINISH REMOVEFILE platform.ini
2025-11-12 12:25:12+0700: FINISH REMOVEFILE omni.ja
2025-11-12 12:25:12+0700: FINISH REMOVEFILE libxul.so
2025-11-12 12:25:12+0700: FINISH REMOVEFILE libssl3.so
2025-11-12 12:25:12+0700: FINISH REMOVEFILE libsoftokn3.so
2025-11-12 12:25:12+0700: FINISH REMOVEFILE libsmime3.so
2025-11-12 12:25:12+0700: FINISH REMOVEFILE libplds4.so
2025-11-12 12:25:12+0700: FINISH REMOVEFILE libplc4.so
2025-11-12 12:25:12+0700: FINISH REMOVEFILE libnssutil3.so
2025-11-12 12:25:12+0700: FINISH REMOVEFILE libnssckbi.so
2025-11-12 12:25:12+0700: FINISH REMOVEFILE libnss3.so
2025-11-12 12:25:12+0700: FINISH REMOVEFILE libnspr4.so
2025-11-12 12:25:12+0700: FINISH REMOVEFILE libmozwayland.so
2025-11-12 12:25:12+0700: FINISH REMOVEFILE libmozsqlite3.so
2025-11-12 12:25:12+0700: FINISH REMOVEFILE libmozsandbox.so
2025-11-12 12:25:12+0700: FINISH REMOVEFILE libmozgtk.so
2025-11-12 12:25:12+0700: FINISH REMOVEFILE libmozavutil.so
2025-11-12 12:25:12+0700: FINISH REMOVEFILE libmozavcodec.so
2025-11-12 12:25:12+0700: FINISH REMOVEFILE liblgpllibs.so
2025-11-12 12:25:12+0700: FINISH REMOVEFILE libipcclientcerts.so
2025-11-12 12:25:12+0700: FINISH REMOVEFILE libgkcodecs.so
2025-11-12 12:25:12+0700: FINISH REMOVEFILE libfreeblpriv3.so
2025-11-12 12:25:12+0700: FINISH REMOVEFILE icons/updater.png
2025-11-12 12:25:12+0700: FINISH REMOVEFILE glxtest
2025-11-12 12:25:12+0700: FINISH REMOVEFILE firefox.real
2025-11-12 12:25:12+0700: FINISH REMOVEFILE firefox
2025-11-12 12:25:12+0700: FINISH REMOVEFILE execdesktop
2025-11-12 12:25:12+0700: FINISH REMOVEFILE dependentlibs.list
2025-11-12 12:25:12+0700: FINISH REMOVEFILE browser/omni.ja
2025-11-12 12:25:12+0700: FINISH REMOVEFILE browser/chrome/icons/default/default64.png
2025-11-12 12:25:12+0700: FINISH REMOVEFILE browser/chrome/icons/default/default48.png
2025-11-12 12:25:12+0700: FINISH REMOVEFILE browser/chrome/icons/default/default32.png
2025-11-12 12:25:12+0700: FINISH REMOVEFILE browser/chrome/icons/default/default16.png
2025-11-12 12:25:12+0700: FINISH REMOVEFILE browser/chrome/icons/default/default128.png
2025-11-12 12:25:12+0700: FINISH REMOVEFILE browser/chrome/icons/default/about-logo.svg
2025-11-12 12:25:12+0700: FINISH REMOVEFILE application.ini
2025-11-12 12:25:12+0700: FINISH REMOVEFILE abicheck
2025-11-12 12:25:12+0700: FINISH REMOVEFILE TorBrowser/Tor/tor
2025-11-12 12:25:12+0700: FINISH REMOVEFILE TorBrowser/Tor/libstdc++/libstdc++.so.6
2025-11-12 12:25:12+0700: FINISH REMOVEFILE TorBrowser/Tor/libssl.so.3
2025-11-12 12:25:12+0700: FINISH REMOVEFILE TorBrowser/Tor/libevent-2.1.so.7
2025-11-12 12:25:12+0700: FINISH REMOVEFILE TorBrowser/Tor/libcrypto.so.3
2025-11-12 12:25:12+0700: FINISH REMOVEFILE TorBrowser/Tor/PluggableTransports/lyrebird
2025-11-12 12:25:12+0700: FINISH REMOVEFILE TorBrowser/Tor/PluggableTransports/conjure-client
2025-11-12 12:25:12+0700: FINISH REMOVEFILE TorBrowser/Docs/conjure/README.md
2025-11-12 12:25:12+0700: FINISH REMOVEFILE TorBrowser/Docs/Licenses/tor.txt
2025-11-12 12:25:12+0700: FINISH REMOVEFILE TorBrowser/Docs/Licenses/openssl.txt
2025-11-12 12:25:12+0700: FINISH REMOVEFILE TorBrowser/Docs/Licenses/lyrebird.txt
2025-11-12 12:25:12+0700: FINISH REMOVEFILE TorBrowser/Docs/Licenses/libevent.txt
2025-11-12 12:25:12+0700: FINISH REMOVEFILE TorBrowser/Docs/Licenses/conjure.txt
2025-11-12 12:25:12+0700: FINISH REMOVEFILE TorBrowser/Docs/Licenses/Torbutton.txt
2025-11-12 12:25:12+0700: FINISH REMOVEFILE TorBrowser/Docs/Licenses/Tor-Launcher.txt
2025-11-12 12:25:12+0700: FINISH REMOVEFILE TorBrowser/Docs/Licenses/Noto-Fonts.txt
2025-11-12 12:25:12+0700: FINISH REMOVEFILE TorBrowser/Docs/Licenses/Noto-CJK-Font.txt
2025-11-12 12:25:12+0700: FINISH REMOVEFILE TorBrowser/Docs/Licenses/NoScript.txt
2025-11-12 12:25:12+0700: FINISH REMOVEFILE TorBrowser/Docs/Licenses/Firefox.txt
2025-11-12 12:25:12+0700: FINISH REMOVEFILE TorBrowser/Docs/ChangeLog.txt
2025-11-12 12:25:12+0700: FINISH REMOVEFILE TorBrowser/Data/Tor/torrc-defaults
2025-11-12 12:25:12+0700: FINISH REMOVEFILE TorBrowser/Data/Tor/geoip6
2025-11-12 12:25:12+0700: FINISH REMOVEFILE TorBrowser/Data/Tor/geoip
2025-11-12 12:25:12+0700: FINISH REMOVEFILE TorBrowser/Data/Browser/profile.default/extensions/{73a6fe31-595d-460b-a920-fcc0f8843232}.xpi
2025-11-12 12:25:12+0700: FINISH REMOVEFILE .config/gtk-3.0/settings.ini
2025-11-12 12:25:12+0700: FINISH REMOVEDIR icons/
2025-11-12 12:25:12+0700: non-fatal error removing directory: icons/, rv: 0, err: 39
2025-11-12 12:25:12+0700: FINISH REMOVEDIR fonts/
2025-11-12 12:25:12+0700: non-fatal error removing directory: fonts/, rv: 0, err: 39
2025-11-12 12:25:12+0700: FINISH REMOVEDIR defaults/pref/
2025-11-12 12:25:12+0700: non-fatal error removing directory: defaults/pref/, rv: 0, err: 39
2025-11-12 12:25:12+0700: FINISH REMOVEDIR defaults/
2025-11-12 12:25:12+0700: non-fatal error removing directory: defaults/, rv: 0, err: 39
2025-11-12 12:25:12+0700: FINISH REMOVEDIR browser/chrome/icons/default/
2025-11-12 12:25:12+0700: non-fatal error removing directory: browser/chrome/icons/default/, rv: 0, err: 39
2025-11-12 12:25:12+0700: FINISH REMOVEDIR browser/chrome/icons/
2025-11-12 12:25:12+0700: non-fatal error removing directory: browser/chrome/icons/, rv: 0, err: 39
2025-11-12 12:25:12+0700: FINISH REMOVEDIR browser/chrome/
2025-11-12 12:25:12+0700: non-fatal error removing directory: browser/chrome/, rv: 0, err: 39
2025-11-12 12:25:12+0700: FINISH REMOVEDIR browser/
2025-11-12 12:25:12+0700: non-fatal error removing directory: browser/, rv: 0, err: 39
2025-11-12 12:25:12+0700: FINISH REMOVEDIR TorBrowser/Tor/libstdc++/
2025-11-12 12:25:12+0700: non-fatal error removing directory: TorBrowser/Tor/libstdc++/, rv: 0, err: 39
2025-11-12 12:25:12+0700: FINISH REMOVEDIR TorBrowser/Tor/PluggableTransports/
2025-11-12 12:25:12+0700: non-fatal error removing directory: TorBrowser/Tor/PluggableTransports/, rv: 0, err: 39
2025-11-12 12:25:12+0700: FINISH REMOVEDIR TorBrowser/Tor/
2025-11-12 12:25:12+0700: non-fatal error removing directory: TorBrowser/Tor/, rv: 0, err: 39
2025-11-12 12:25:12+0700: FINISH REMOVEDIR TorBrowser/Docs/conjure/
2025-11-12 12:25:12+0700: non-fatal error removing directory: TorBrowser/Docs/conjure/, rv: 0, err: 39
2025-11-12 12:25:12+0700: FINISH REMOVEDIR TorBrowser/Docs/Licenses/
2025-11-12 12:25:12+0700: non-fatal error removing directory: TorBrowser/Docs/Licenses/, rv: 0, err: 39
2025-11-12 12:25:12+0700: FINISH REMOVEDIR TorBrowser/Docs/
2025-11-12 12:25:12+0700: non-fatal error removing directory: TorBrowser/Docs/, rv: 0, err: 39
2025-11-12 12:25:12+0700: FINISH REMOVEDIR TorBrowser/Data/Tor/
2025-11-12 12:25:12+0700: non-fatal error removing directory: TorBrowser/Data/Tor/, rv: 0, err: 39
2025-11-12 12:25:12+0700: FINISH REMOVEDIR TorBrowser/Data/Browser/profile.default/extensions/
2025-11-12 12:25:12+0700: non-fatal error removing directory: TorBrowser/Data/Browser/profile.default/extensions/, rv: 0, err: 39
2025-11-12 12:25:12+0700: FINISH REMOVEDIR TorBrowser/Data/Browser/profile.default/
2025-11-12 12:25:12+0700: non-fatal error removing directory: TorBrowser/Data/Browser/profile.default/, rv: 0, err: 39
2025-11-12 12:25:12+0700: FINISH REMOVEDIR TorBrowser/Data/Browser/Caches/
2025-11-12 12:25:12+0700: non-fatal error removing directory: TorBrowser/Data/Browser/Caches/, rv: 0, err: 39
2025-11-12 12:25:12+0700: FINISH REMOVEDIR TorBrowser/Data/Browser/
2025-11-12 12:25:12+0700: non-fatal error removing directory: TorBrowser/Data/Browser/, rv: 0, err: 39
2025-11-12 12:25:12+0700: FINISH REMOVEDIR TorBrowser/Data/
2025-11-12 12:25:12+0700: non-fatal error removing directory: TorBrowser/Data/, rv: 0, err: 39
2025-11-12 12:25:12+0700: FINISH REMOVEDIR TorBrowser/
2025-11-12 12:25:12+0700: non-fatal error removing directory: TorBrowser/, rv: 0, err: 39
2025-11-12 12:25:12+0700: FINISH REMOVEDIR .config/gtk-3.0/
2025-11-12 12:25:12+0700: non-fatal error removing directory: .config/gtk-3.0/, rv: 0, err: 39
2025-11-12 12:25:12+0700: FINISH REMOVEDIR .config/
2025-11-12 12:25:12+0700: non-fatal error removing directory: .config/, rv: 0, err: 39
2025-11-12 12:25:12+0700: FINISH ADD vaapitest
2025-11-12 12:25:12+0700: FINISH ADD updater.ini
2025-11-12 12:25:12+0700: FINISH ADD updater
2025-11-12 12:25:12+0700: FINISH ADD tbb_version.json
2025-11-12 12:25:12+0700: FINISH ADD start-tor-browser.desktop
2025-11-12 12:25:12+0700: FINISH ADD start-tor-browser
2025-11-12 12:25:12+0700: FINISH ADD removed-files
2025-11-12 12:25:12+0700: FINISH ADD precomplete
2025-11-12 12:25:12+0700: FINISH ADD platform.ini
2025-11-12 12:25:12+0700: FINISH ADD omni.ja
2025-11-12 12:25:12+0700: FINISH ADD libxul.so
2025-11-12 12:25:12+0700: FINISH ADD libssl3.so
2025-11-12 12:25:12+0700: FINISH ADD libsoftokn3.so
2025-11-12 12:25:12+0700: FINISH ADD libsmime3.so
2025-11-12 12:25:12+0700: FINISH ADD libplds4.so
2025-11-12 12:25:12+0700: FINISH ADD libplc4.so
2025-11-12 12:25:12+0700: FINISH ADD libnssutil3.so
2025-11-12 12:25:12+0700: FINISH ADD libnss3.so
2025-11-12 12:25:12+0700: FINISH ADD libnspr4.so
2025-11-12 12:25:12+0700: FINISH ADD libmozwayland.so
2025-11-12 12:25:12+0700: FINISH ADD libmozsqlite3.so
2025-11-12 12:25:12+0700: FINISH ADD libmozsandbox.so
2025-11-12 12:25:12+0700: FINISH ADD libmozgtk.so
2025-11-12 12:25:12+0700: FINISH ADD libmozavutil.so
2025-11-12 12:25:12+0700: FINISH ADD libmozavcodec.so
2025-11-12 12:25:12+0700: FINISH ADD liblgpllibs.so
2025-11-12 12:25:12+0700: FINISH ADD libgkcodecs.so
2025-11-12 12:25:12+0700: FINISH ADD libfreeblpriv3.so
2025-11-12 12:25:12+0700: FINISH ADD icons/updater.png
2025-11-12 12:25:12+0700: FINISH ADD glxtest
2025-11-12 12:25:12+0700: FINISH ADD fonts/fonts.conf
2025-11-12 12:25:12+0700: FINISH ADD fonts/TwemojiMozilla.ttf
2025-11-12 12:25:12+0700: FINISH ADD fonts/Tinos-Regular.ttf
2025-11-12 12:25:12+0700: FINISH ADD fonts/Tinos-Italic.ttf
2025-11-12 12:25:12+0700: FINISH ADD fonts/Tinos-BoldItalic.ttf
2025-11-12 12:25:12+0700: FINISH ADD fonts/Tinos-Bold.ttf
2025-11-12 12:25:12+0700: FINISH ADD fonts/STIXTwoMath-Regular.otf
2025-11-12 12:25:12+0700: FINISH ADD fonts/Pyidaungsu-2.5.3_Regular.ttf
2025-11-12 12:25:12+0700: FINISH ADD fonts/NotoSerifYezidi-Regular.ttf
2025-11-12 12:25:12+0700: FINISH ADD fonts/NotoSerifTibetan-Regular.ttf
2025-11-12 12:25:12+0700: FINISH ADD fonts/NotoSerifThai-Regular.ttf
2025-11-12 12:25:12+0700: FINISH ADD fonts/NotoSerifTelugu-Regular.ttf
2025-11-12 12:25:12+0700: FINISH ADD fonts/NotoSerifTamil-Regular.ttf
2025-11-12 12:25:12+0700: FINISH ADD fonts/NotoSerifSinhala-Regular.ttf
2025-11-12 12:25:12+0700: FINISH ADD fonts/NotoSerifNPHmong-Regular.ttf
2025-11-12 12:25:12+0700: FINISH ADD fonts/NotoSerifMyanmar-Regular.ttf
2025-11-12 12:25:12+0700: FINISH ADD fonts/NotoSerifMalayalam-Regular.ttf
2025-11-12 12:25:12+0700: FINISH ADD fonts/NotoSerifLao-Regular.ttf
2025-11-12 12:25:12+0700: FINISH ADD fonts/NotoSerifKhojki-Regular.ttf
2025-11-12 12:25:12+0700: FINISH ADD fonts/NotoSerifKhmer-Regular.ttf
2025-11-12 12:25:12+0700: FINISH ADD fonts/NotoSerifKannada-Regular.ttf
2025-11-12 12:25:12+0700: FINISH ADD fonts/NotoSerifHebrew-Regular.ttf
2025-11-12 12:25:12+0700: FINISH ADD fonts/NotoSerifGurmukhi-Regular.ttf
2025-11-12 12:25:12+0700: FINISH ADD fonts/NotoSerifGujarati-Regular.ttf
2025-11-12 12:25:12+0700: FINISH ADD fonts/NotoSerifGrantha-Regular.ttf
2025-11-12 12:25:12+0700: FINISH ADD fonts/NotoSerifGeorgian-Regular.ttf
2025-11-12 12:25:12+0700: FINISH ADD fonts/NotoSerifEthiopic-Regular.ttf
2025-11-12 12:25:12+0700: FINISH ADD fonts/NotoSerifDogra-Regular.ttf
2025-11-12 12:25:12+0700: FINISH ADD fonts/NotoSerifDevanagari-Regular.ttf
2025-11-12 12:25:12+0700: FINISH ADD fonts/NotoSerifBengali-Regular.ttf
2025-11-12 12:25:12+0700: FINISH ADD fonts/NotoSerifBalinese-Regular.ttf
2025-11-12 12:25:12+0700: FINISH ADD fonts/NotoSerifArmenian-Regular.ttf
2025-11-12 12:25:12+0700: FINISH ADD fonts/NotoSansZanabazarSquare-Regular.ttf
2025-11-12 12:25:12+0700: FINISH ADD fonts/NotoSansYi-Regular.ttf
2025-11-12 12:25:12+0700: FINISH ADD fonts/NotoSansWarangCiti-Regular.ttf
2025-11-12 12:25:12+0700: FINISH ADD fonts/NotoSansWancho-Regular.ttf
2025-11-12 12:25:12+0700: FINISH ADD fonts/NotoSansVai-Regular.ttf
2025-11-12 12:25:12+0700: FINISH ADD fonts/NotoSansTirhuta-Regular.ttf
2025-11-12 12:25:12+0700: FINISH ADD fonts/NotoSansTifinaghTawellemmet-Regular.ttf
2025-11-12 12:25:12+0700: FINISH ADD fonts/NotoSansTifinaghSIL-Regular.ttf
2025-11-12 12:25:12+0700: FINISH ADD fonts/NotoSansTifinaghRhissaIxa-Regular.ttf
2025-11-12 12:25:12+0700: FINISH ADD fonts/NotoSansTifinaghHawad-Regular.ttf
2025-11-12 12:25:12+0700: FINISH ADD fonts/NotoSansTifinaghGhat-Regular.ttf
2025-11-12 12:25:12+0700: FINISH ADD fonts/NotoSansTifinaghAzawagh-Regular.ttf
2025-11-12 12:25:12+0700: FINISH ADD fonts/NotoSansTifinaghAir-Regular.ttf
2025-11-12 12:25:12+0700: FINISH ADD fonts/NotoSansTifinaghAhaggar-Regular.ttf
2025-11-12 12:25:12+0700: FINISH ADD fonts/NotoSansTifinaghAgrawImazighen-Regular.ttf
2025-11-12 12:25:12+0700: FINISH ADD fonts/NotoSansTifinaghAdrar-Regular.ttf
2025-11-12 12:25:12+0700: FINISH ADD fonts/NotoSansTifinaghAPT-Regular.ttf
2025-11-12 12:25:12+0700: FINISH ADD fonts/NotoSansTifinagh-Regular.ttf
2025-11-12 12:25:12+0700: FINISH ADD fonts/NotoSansThai-Regular.ttf
2025-11-12 12:25:12+0700: FINISH ADD fonts/NotoSansThaana-Regular.ttf
2025-11-12 12:25:12+0700: FINISH ADD fonts/NotoSansTelugu-Regular.ttf
2025-11-12 12:25:12+0700: FINISH ADD fonts/NotoSansTamil-Regular.ttf
2025-11-12 12:25:12+0700: FINISH ADD fonts/NotoSansTakri-Regular.ttf
2025-11-12 12:25:12+0700: FINISH ADD fonts/NotoSansTaiViet-Regular.ttf
2025-11-12 12:25:12+0700: FINISH ADD fonts/NotoSansTaiTham-Regular.ttf
2025-11-12 12:25:12+0700: FINISH ADD fonts/NotoSansTaiLe-Regular.ttf
2025-11-12 12:25:12+0700: FINISH ADD fonts/NotoSansTagbanwa-Regular.ttf
2025-11-12 12:25:12+0700: FINISH ADD fonts/NotoSansTagalog-Regular.ttf
2025-11-12 12:25:12+0700: FINISH ADD fonts/NotoSansTC-Regular.otf
2025-11-12 12:25:12+0700: FINISH ADD fonts/NotoSansSyriac-Regular.ttf
2025-11-12 12:25:12+0700: FINISH ADD fonts/NotoSansSymbols2-Regular.ttf
2025-11-12 12:25:12+0700: FINISH ADD fonts/NotoSansSymbols-Regular.ttf
2025-11-12 12:25:12+0700: FINISH ADD fonts/NotoSansSylotiNagri-Regular.ttf
2025-11-12 12:25:12+0700: FINISH ADD fonts/NotoSansSundanese-Regular.ttf
2025-11-12 12:25:12+0700: FINISH ADD fonts/NotoSansSoyombo-Regular.ttf
2025-11-12 12:25:12+0700: FINISH ADD fonts/NotoSansSoraSompeng-Regular.ttf
2025-11-12 12:25:12+0700: FINISH ADD fonts/NotoSansSinhala-Regular.ttf
2025-11-12 12:25:12+0700: FINISH ADD fonts/NotoSansShavian-Regular.ttf
2025-11-12 12:25:12+0700: FINISH ADD fonts/NotoSansSharada-Regular.ttf
2025-11-12 12:25:12+0700: FINISH ADD fonts/NotoSansSaurashtra-Regular.ttf
2025-11-12 12:25:12+0700: FINISH ADD fonts/NotoSansSamaritan-Regular.ttf
2025-11-12 12:25:12+0700: FINISH ADD fonts/NotoSansSC-Regular.otf
2025-11-12 12:25:12+0700: FINISH ADD fonts/NotoSansRunic-Regular.ttf
2025-11-12 12:25:12+0700: FINISH ADD fonts/NotoSansRejang-Regular.ttf
2025-11-12 12:25:12+0700: FINISH ADD fonts/NotoSansPauCinHau-Regular.ttf
2025-11-12 12:25:12+0700: FINISH ADD fonts/NotoSansPahawhHmong-Regular.ttf
2025-11-12 12:25:12+0700: FINISH ADD fonts/NotoSansOsmanya-Regular.ttf
2025-11-12 12:25:12+0700: FINISH ADD fonts/NotoSansOsage-Regular.ttf
2025-11-12 12:25:12+0700: FINISH ADD fonts/NotoSansOriya-Regular.ttf
2025-11-12 12:25:12+0700: FINISH ADD fonts/NotoSansOlChiki-Regular.ttf
2025-11-12 12:25:12+0700: FINISH ADD fonts/NotoSansNewa-Regular.ttf
2025-11-12 12:25:12+0700: FINISH ADD fonts/NotoSansNewTaiLue-Regular.ttf
2025-11-12 12:25:12+0700: FINISH ADD fonts/NotoSansNKo-Regular.ttf
2025-11-12 12:25:12+0700: FINISH ADD fonts/NotoSansMultani-Regular.ttf
2025-11-12 12:25:12+0700: FINISH ADD fonts/NotoSansMro-Regular.ttf
2025-11-12 12:25:12+0700: FINISH ADD fonts/NotoSansMongolian-Regular.ttf
2025-11-12 12:25:12+0700: FINISH ADD fonts/NotoSansModi-Regular.ttf
2025-11-12 12:25:12+0700: FINISH ADD fonts/NotoSansMiao-Regular.ttf
2025-11-12 12:25:12+0700: FINISH ADD fonts/NotoSansMendeKikakui-Regular.ttf
2025-11-12 12:25:12+0700: FINISH ADD fonts/NotoSansMeeteiMayek-Regular.ttf
2025-11-12 12:25:12+0700: FINISH ADD fonts/NotoSansMedefaidrin-Regular.ttf
2025-11-12 12:25:12+0700: FINISH ADD fonts/NotoSansMasaramGondi-Regular.ttf
2025-11-12 12:25:12+0700: FINISH ADD fonts/NotoSansMandaic-Regular.ttf
2025-11-12 12:25:12+0700: FINISH ADD fonts/NotoSansMalayalam-Regular.ttf
2025-11-12 12:25:12+0700: FINISH ADD fonts/NotoSansMahajani-Regular.ttf
2025-11-12 12:25:12+0700: FINISH ADD fonts/NotoSansLisu-Regular.ttf
2025-11-12 12:25:12+0700: FINISH ADD fonts/NotoSansLimbu-Regular.ttf
2025-11-12 12:25:12+0700: FINISH ADD fonts/NotoSansLepcha-Regular.ttf
2025-11-12 12:25:12+0700: FINISH ADD fonts/NotoSansLao-Regular.ttf
2025-11-12 12:25:12+0700: FINISH ADD fonts/NotoSansKhudawadi-Regular.ttf
2025-11-12 12:25:12+0700: FINISH ADD fonts/NotoSansKhojki-Regular.ttf
2025-11-12 12:25:12+0700: FINISH ADD fonts/NotoSansKhmer-Regular.ttf
2025-11-12 12:25:12+0700: FINISH ADD fonts/NotoSansKayahLi-Regular.ttf
2025-11-12 12:25:12+0700: FINISH ADD fonts/NotoSansKannada-Regular.ttf
2025-11-12 12:25:12+0700: FINISH ADD fonts/NotoSansKR-Regular.otf
2025-11-12 12:25:12+0700: FINISH ADD fonts/NotoSansJavanese-Regular.ttf
2025-11-12 12:25:12+0700: FINISH ADD fonts/NotoSansJP-Regular.otf
2025-11-12 12:25:12+0700: FINISH ADD fonts/NotoSansHebrew-Regular.ttf
2025-11-12 12:25:12+0700: FINISH ADD fonts/NotoSansHanunoo-Regular.ttf
2025-11-12 12:25:12+0700: FINISH ADD fonts/NotoSansHanifiRohingya-Regular.ttf
2025-11-12 12:25:12+0700: FINISH ADD fonts/NotoSansGurmukhi-Regular.ttf
2025-11-12 12:25:12+0700: FINISH ADD fonts/NotoSansGunjalaGondi-Regular.ttf
2025-11-12 12:25:12+0700: FINISH ADD fonts/NotoSansGujarati-Regular.ttf
2025-11-12 12:25:12+0700: FINISH ADD fonts/NotoSansGrantha-Regular.ttf
2025-11-12 12:25:12+0700: FINISH ADD fonts/NotoSansGeorgian-Regular.ttf
2025-11-12 12:25:12+0700: FINISH ADD fonts/NotoSansEthiopic-Regular.ttf
2025-11-12 12:25:12+0700: FINISH ADD fonts/NotoSansElbasan-Regular.ttf
2025-11-12 12:25:12+0700: FINISH ADD fonts/NotoSansDevanagari-Regular.ttf
2025-11-12 12:25:12+0700: FINISH ADD fonts/NotoSansDeseret-Regular.ttf
2025-11-12 12:25:12+0700: FINISH ADD fonts/NotoSansCoptic-Regular.ttf
2025-11-12 12:25:12+0700: FINISH ADD fonts/NotoSansCherokee-Regular.ttf
2025-11-12 12:25:12+0700: FINISH ADD fonts/NotoSansCham-Regular.ttf
2025-11-12 12:25:12+0700: FINISH ADD fonts/NotoSansChakma-Regular.ttf
2025-11-12 12:25:12+0700: FINISH ADD fonts/NotoSansCanadianAboriginal-Regular.ttf
2025-11-12 12:25:12+0700: FINISH ADD fonts/NotoSansBuhid-Regular.ttf
2025-11-12 12:25:12+0700: FINISH ADD fonts/NotoSansBuginese-Regular.ttf
2025-11-12 12:25:12+0700: FINISH ADD fonts/NotoSansBengali-Regular.ttf
2025-11-12 12:25:12+0700: FINISH ADD fonts/NotoSansBatak-Regular.ttf
2025-11-12 12:25:12+0700: FINISH ADD fonts/NotoSansBassaVah-Regular.ttf
2025-11-12 12:25:12+0700: FINISH ADD fonts/NotoSansBamum-Regular.ttf
2025-11-12 12:25:12+0700: FINISH ADD fonts/NotoSansBalinese-Regular.ttf
2025-11-12 12:25:12+0700: FINISH ADD fonts/NotoSansArmenian-Regular.ttf
2025-11-12 12:25:12+0700: FINISH ADD fonts/NotoSansAdlam-Regular.ttf
2025-11-12 12:25:12+0700: FINISH ADD fonts/NotoNaskhArabic-Regular.ttf
2025-11-12 12:25:12+0700: FINISH ADD fonts/NotoColorEmoji.ttf
2025-11-12 12:25:12+0700: FINISH ADD fonts/Cousine-Regular.ttf
2025-11-12 12:25:12+0700: FINISH ADD fonts/Cousine-Italic.ttf
2025-11-12 12:25:12+0700: FINISH ADD fonts/Cousine-BoldItalic.ttf
2025-11-12 12:25:12+0700: FINISH ADD fonts/Cousine-Bold.ttf
2025-11-12 12:25:12+0700: FINISH ADD fonts/Arimo-Regular.ttf
2025-11-12 12:25:12+0700: FINISH ADD fonts/Arimo-Italic.ttf
2025-11-12 12:25:12+0700: FINISH ADD fonts/Arimo-BoldItalic.ttf
2025-11-12 12:25:12+0700: FINISH ADD fonts/Arimo-Bold.ttf
2025-11-12 12:25:12+0700: FINISH ADD fonts/000_README.txt
2025-11-12 12:25:12+0700: FINISH ADD firefox.real
2025-11-12 12:25:12+0700: FINISH ADD firefox
2025-11-12 12:25:12+0700: FINISH ADD execdesktop
2025-11-12 12:25:12+0700: FINISH ADD distribution/extensions/{73a6fe31-595d-460b-a920-fcc0f8843232}.xpi
2025-11-12 12:25:12+0700: FINISH ADD dependentlibs.list
2025-11-12 12:25:12+0700: FINISH ADD browser/omni.ja
2025-11-12 12:25:12+0700: FINISH ADD browser/chrome/icons/default/default64.png
2025-11-12 12:25:12+0700: FINISH ADD browser/chrome/icons/default/default48.png
2025-11-12 12:25:12+0700: FINISH ADD browser/chrome/icons/default/default32.png
2025-11-12 12:25:12+0700: FINISH ADD browser/chrome/icons/default/default16.png
2025-11-12 12:25:12+0700: FINISH ADD browser/chrome/icons/default/default128.png
2025-11-12 12:25:12+0700: FINISH ADD browser/chrome/icons/default/about-logo.svg
2025-11-12 12:25:12+0700: FINISH ADD application.ini
2025-11-12 12:25:12+0700: FINISH ADD abicheck
2025-11-12 12:25:12+0700: FINISH ADD TorBrowser/Tor/tor
2025-11-12 12:25:12+0700: FINISH ADD TorBrowser/Tor/libstdc++/libstdc++.so.6
2025-11-12 12:25:12+0700: FINISH ADD TorBrowser/Tor/libssl.so.3
2025-11-12 12:25:12+0700: FINISH ADD TorBrowser/Tor/libevent-2.1.so.7
2025-11-12 12:25:12+0700: FINISH ADD TorBrowser/Tor/libcrypto.so.3
2025-11-12 12:25:12+0700: FINISH ADD TorBrowser/Tor/PluggableTransports/lyrebird
2025-11-12 12:25:12+0700: FINISH ADD TorBrowser/Tor/PluggableTransports/conjure-client
2025-11-12 12:25:12+0700: FINISH ADD TorBrowser/Docs/conjure/README.md
2025-11-12 12:25:12+0700: FINISH ADD TorBrowser/Docs/Licenses/tor.txt
2025-11-12 12:25:12+0700: FINISH ADD TorBrowser/Docs/Licenses/openssl.txt
2025-11-12 12:25:12+0700: FINISH ADD TorBrowser/Docs/Licenses/lyrebird.txt
2025-11-12 12:25:12+0700: FINISH ADD TorBrowser/Docs/Licenses/libevent.txt
2025-11-12 12:25:12+0700: FINISH ADD TorBrowser/Docs/Licenses/conjure.txt
2025-11-12 12:25:12+0700: FINISH ADD TorBrowser/Docs/Licenses/Torbutton.txt
2025-11-12 12:25:12+0700: FINISH ADD TorBrowser/Docs/Licenses/Tor-Launcher.txt
2025-11-12 12:25:12+0700: FINISH ADD TorBrowser/Docs/Licenses/Noto-Fonts.txt
2025-11-12 12:25:12+0700: FINISH ADD TorBrowser/Docs/Licenses/Noto-CJK-Font.txt
2025-11-12 12:25:12+0700: FINISH ADD TorBrowser/Docs/Licenses/NoScript.txt
2025-11-12 12:25:12+0700: FINISH ADD TorBrowser/Docs/Licenses/Firefox.txt
2025-11-12 12:25:12+0700: FINISH ADD TorBrowser/Docs/ChangeLog.txt
2025-11-12 12:25:12+0700: FINISH ADD TorBrowser/Data/Tor/torrc-defaults
2025-11-12 12:25:12+0700: FINISH ADD TorBrowser/Data/Tor/geoip6
2025-11-12 12:25:12+0700: FINISH ADD TorBrowser/Data/Tor/geoip
2025-11-12 12:25:12+0700: FINISH ADD TorBrowser/Data/Browser/profile.default/extensions/{73a6fe31-595d-460b-a920-fcc0f8843232}.xpi
2025-11-12 12:25:12+0700: FINISH ADD .config/gtk-3.0/settings.ini
2025-11-12 12:25:12+0700: succeeded
2025-11-12 12:25:12+0700: Writing status to file: succeeded

2025-11-12 12:25:12+0700: calling QuitProgressUI
2025-11-12 12:25:12+0700: Running LaunchCallbackAndPostProcessApps
